<?xml version="1.0" encoding="UTF-8"?>
<!-- Generated by org.testng.reporters.JUnitXMLReporter -->
<testsuite hostname="DESKTOP-2V8QQ5H" ignored="0" name="Default test" tests="2" failures="1" timestamp="2023-09-19T19:53:27 BST" time="66.59" errors="0">
  <testcase name="runScenario" time="29.361" classname="io.cucumber.testng.AbstractTestNGCucumberTests"/>
  <testcase name="runScenario" time="34.715" classname="io.cucumber.testng.AbstractTestNGCucumberTests">
    <failure type="org.openqa.selenium.ElementClickInterceptedException" message="Element &amp;lt;div class=&amp;quot;vc-day id-2023-10-05 day-5 day-from-end-27 weekday-5 weekday-position-4 weekday-ordinal-1 weekday-ordinal-from-end-4 week-2 week-from-end-5 in-month vc-day-box-center-center&amp;quot;&amp;gt; is not clickable at point (320,705) because another element &amp;lt;div class=&amp;quot;bmi-loader&amp;quot;&amp;gt; obscures it
Build info: version: &amp;apos;4.12.1&amp;apos;, revision: &amp;apos;8e34639b11&amp;apos;
System info: os.name: &amp;apos;Windows 10&amp;apos;, os.arch: &amp;apos;amd64&amp;apos;, os.version: &amp;apos;10.0&amp;apos;, java.version: &amp;apos;1.8.0_202&amp;apos;
Driver info: org.openqa.selenium.firefox.FirefoxDriver
Command: [1986b166-7ca6-44f1-bb82-ac8493cef579, clickElement {id=4c353f14-4734-4cb0-8853-49b0b3658e63}]
Capabilities {acceptInsecureCerts: true, browserName: firefox, browserVersion: 117.0.1, moz:accessibilityChecks: false, moz:buildID: 20230912013654, moz:debuggerAddress: 127.0.0.1:25250, moz:geckodriverVersion: 0.33.0, moz:headless: false, moz:platformVersion: 10.0, moz:processID: 31880, moz:profile: C:\Users\dmohanty\AppData\L..., moz:shutdownTimeout: 60000, moz:webdriverClick: true, moz:windowless: false, pageLoadStrategy: normal, platformName: windows, proxy: Proxy(), se:cdp: ws://127.0.0.1:25250/devtoo..., se:cdpVersion: 85.0, setWindowRect: true, strictFileInteractability: false, timeouts: {implicit: 0, pageLoad: 300000, script: 30000}, unhandledPromptBehavior: dismiss and notify}
Element: [[FirefoxDriver: firefox on windows (1986b166-7ca6-44f1-bb82-ac8493cef579)] -&amp;gt; xpath: //div[@class=&amp;apos;vc-day id-2023-10-05 day-5 day-from-end-27 weekday-5 weekday-position-4 weekday-ordinal-1 weekday-ordinal-from-end-4 week-2 week-from-end-5 in-month vc-day-box-center-center&amp;apos;]]
Session ID: 1986b166-7ca6-44f1-bb82-ac8493cef579">
      <![CDATA[org.openqa.selenium.ElementClickInterceptedException: Element <div class="vc-day id-2023-10-05 day-5 day-from-end-27 weekday-5 weekday-position-4 weekday-ordinal-1 weekday-ordinal-from-end-4 week-2 week-from-end-5 in-month vc-day-box-center-center"> is not clickable at point (320,705) because another element <div class="bmi-loader"> obscures it
Build info: version: '4.12.1', revision: '8e34639b11'
System info: os.name: 'Windows 10', os.arch: 'amd64', os.version: '10.0', java.version: '1.8.0_202'
Driver info: org.openqa.selenium.firefox.FirefoxDriver
Command: [1986b166-7ca6-44f1-bb82-ac8493cef579, clickElement {id=4c353f14-4734-4cb0-8853-49b0b3658e63}]
Capabilities {acceptInsecureCerts: true, browserName: firefox, browserVersion: 117.0.1, moz:accessibilityChecks: false, moz:buildID: 20230912013654, moz:debuggerAddress: 127.0.0.1:25250, moz:geckodriverVersion: 0.33.0, moz:headless: false, moz:platformVersion: 10.0, moz:processID: 31880, moz:profile: C:\Users\dmohanty\AppData\L..., moz:shutdownTimeout: 60000, moz:webdriverClick: true, moz:windowless: false, pageLoadStrategy: normal, platformName: windows, proxy: Proxy(), se:cdp: ws://127.0.0.1:25250/devtoo..., se:cdpVersion: 85.0, setWindowRect: true, strictFileInteractability: false, timeouts: {implicit: 0, pageLoad: 300000, script: 30000}, unhandledPromptBehavior: dismiss and notify}
Element: [[FirefoxDriver: firefox on windows (1986b166-7ca6-44f1-bb82-ac8493cef579)] -> xpath: //div[@class='vc-day id-2023-10-05 day-5 day-from-end-27 weekday-5 weekday-position-4 weekday-ordinal-1 weekday-ordinal-from-end-4 week-2 week-from-end-5 in-month vc-day-box-center-center']]
Session ID: 1986b166-7ca6-44f1-bb82-ac8493cef579
at sun.reflect.NativeConstructorAccessorImpl.newInstance0(Native Method)
at sun.reflect.NativeConstructorAccessorImpl.newInstance(Unknown Source)
at sun.reflect.DelegatingConstructorAccessorImpl.newInstance(Unknown Source)
at java.lang.reflect.Constructor.newInstance(Unknown Source)
at org.openqa.selenium.remote.codec.w3c.W3CHttpResponseCodec.createException(W3CHttpResponseCodec.java:200)
at org.openqa.selenium.remote.codec.w3c.W3CHttpResponseCodec.decode(W3CHttpResponseCodec.java:133)
at org.openqa.selenium.remote.codec.w3c.W3CHttpResponseCodec.decode(W3CHttpResponseCodec.java:52)
at org.openqa.selenium.remote.HttpCommandExecutor.execute(HttpCommandExecutor.java:191)
at org.openqa.selenium.remote.service.DriverCommandExecutor.invokeExecute(DriverCommandExecutor.java:196)
at org.openqa.selenium.remote.service.DriverCommandExecutor.execute(DriverCommandExecutor.java:171)
at org.openqa.selenium.remote.RemoteWebDriver.execute(RemoteWebDriver.java:602)
at org.openqa.selenium.remote.RemoteWebElement.execute(RemoteWebElement.java:224)
at org.openqa.selenium.remote.RemoteWebElement.click(RemoteWebElement.java:77)
at sun.reflect.NativeMethodAccessorImpl.invoke0(Native Method)
at sun.reflect.NativeMethodAccessorImpl.invoke(Unknown Source)
at sun.reflect.DelegatingMethodAccessorImpl.invoke(Unknown Source)
at java.lang.reflect.Method.invoke(Unknown Source)
at org.openqa.selenium.support.pagefactory.internal.LocatingElementHandler.invoke(LocatingElementHandler.java:51)
at com.sun.proxy.$Proxy25.click(Unknown Source)
at Objects.BookAppointement.selectdate(BookAppointement.java:92)
at StepDefination.StepDef.user_selects_date(StepDef.java:78)
at ✽.User selects Date(file:///C:/Users/dmohanty/git/AnanyaMohanty-Circle/CircleHealthFramework/src/test/resources/features/Booking.feature:26)
]]>
    </failure>
  </testcase> <!-- runScenario -->
</testsuite> <!-- Default test -->
